<?xml version="1.0" encoding="UTF-8"?>
<!-- Generated by org.testng.reporters.JUnitXMLReporter -->
<testsuite ignored="0" hostname="knoldus-Latitude-3520" failures="0" tests="4" name="Surefire test" time="27.798" errors="0" timestamp="2021-12-21T20:20:52 IST">
  <testcase classname="DDTF.WordPressLogin" name="loginToWordPress" time="7.651"/>
  <testcase classname="DDTF.WordPressLogin" name="loginToWordPress" time="6.33"/>
  <testcase classname="DDTF.WordPressLogin" name="loginToWordPress" time="6.423"/>
  <testcase classname="DDTF.WordPressLogin" name="loginToWordPress" time="6.6"/>
</testsuite> <!-- Surefire test -->
