<?xml version="1.0" encoding="UTF-8"?>
<testng-results ignored="0" total="4" passed="4" failed="0" skipped="0">
  <reporter-output>
  </reporter-output>
  <suite started-at="2021-12-21T20:20:24 IST" name="Surefire suite" finished-at="2021-12-21T20:20:52 IST" duration-ms="27798">
    <groups>
    </groups>
    <test started-at="2021-12-21T20:20:24 IST" name="Surefire test" finished-at="2021-12-21T20:20:52 IST" duration-ms="27798">
      <class name="DDTF.WordPressLogin">
        <test-method signature="loginToWordPress(java.lang.String,java.lang.String)[pri:0, instance:DDTF.WordPressLogin@48fa0f47]" started-at="2021-12-21T20:20:24 IST" name="loginToWordPress" data-provider="wordpressData" finished-at="2021-12-21T20:20:32 IST" duration-ms="7651" status="PASS">
          <params>
            <param index="0">
              <value>
                <![CDATA[sujeet@gmail.com]]>
              </value>
            </param>
            <param index="1">
              <value>
                <![CDATA[1234.0]]>
              </value>
            </param>
          </params>
          <reporter-output>
          </reporter-output>
        </test-method> <!-- loginToWordPress -->
        <test-method is-config="true" signature="tearDown()[pri:0, instance:DDTF.WordPressLogin@48fa0f47]" started-at="2021-12-21T20:20:32 IST" name="tearDown" finished-at="2021-12-21T20:20:32 IST" duration-ms="77" status="PASS">
          <reporter-output>
          </reporter-output>
        </test-method> <!-- tearDown -->
        <test-method signature="loginToWordPress(java.lang.String,java.lang.String)[pri:0, instance:DDTF.WordPressLogin@48fa0f47]" started-at="2021-12-21T20:20:32 IST" name="loginToWordPress" data-provider="wordpressData" finished-at="2021-12-21T20:20:38 IST" duration-ms="6330" status="PASS">
          <params>
            <param index="0">
              <value>
                <![CDATA[sujeetondemand@gmail.com]]>
              </value>
            </param>
            <param index="1">
              <value>
                <![CDATA[sjt@1234]]>
              </value>
            </param>
          </params>
          <reporter-output>
          </reporter-output>
        </test-method> <!-- loginToWordPress -->
        <test-method is-config="true" signature="tearDown()[pri:0, instance:DDTF.WordPressLogin@48fa0f47]" started-at="2021-12-21T20:20:38 IST" name="tearDown" finished-at="2021-12-21T20:20:38 IST" duration-ms="72" status="PASS">
          <reporter-output>
          </reporter-output>
        </test-method> <!-- tearDown -->
        <test-method signature="loginToWordPress(java.lang.String,java.lang.String)[pri:0, instance:DDTF.WordPressLogin@48fa0f47]" started-at="2021-12-21T20:20:38 IST" name="loginToWordPress" data-provider="wordpressData" finished-at="2021-12-21T20:20:45 IST" duration-ms="6423" status="PASS">
          <params>
            <param index="0">
              <value>
                <![CDATA[srivastavasujeetgmail,com]]>
              </value>
            </param>
            <param index="1">
              <value>
                <![CDATA[abcdefgh]]>
              </value>
            </param>
          </params>
          <reporter-output>
          </reporter-output>
        </test-method> <!-- loginToWordPress -->
        <test-method is-config="true" signature="tearDown()[pri:0, instance:DDTF.WordPressLogin@48fa0f47]" started-at="2021-12-21T20:20:45 IST" name="tearDown" finished-at="2021-12-21T20:20:45 IST" duration-ms="74" status="PASS">
          <reporter-output>
          </reporter-output>
        </test-method> <!-- tearDown -->
        <test-method signature="loginToWordPress(java.lang.String,java.lang.String)[pri:0, instance:DDTF.WordPressLogin@48fa0f47]" started-at="2021-12-21T20:20:45 IST" name="loginToWordPress" data-provider="wordpressData" finished-at="2021-12-21T20:20:51 IST" duration-ms="6600" status="PASS">
          <params>
            <param index="0">
              <value>
                <![CDATA[shrivastavajeetyahho.com]]>
              </value>
            </param>
            <param index="1">
              <value>
                <![CDATA[1112223.0]]>
              </value>
            </param>
          </params>
          <reporter-output>
          </reporter-output>
        </test-method> <!-- loginToWordPress -->
        <test-method is-config="true" signature="tearDown()[pri:0, instance:DDTF.WordPressLogin@48fa0f47]" started-at="2021-12-21T20:20:51 IST" name="tearDown" finished-at="2021-12-21T20:20:52 IST" duration-ms="87" status="PASS">
          <reporter-output>
          </reporter-output>
        </test-method> <!-- tearDown -->
      </class> <!-- DDTF.WordPressLogin -->
    </test> <!-- Surefire test -->
  </suite> <!-- Surefire suite -->
</testng-results>
